<?xml version="1.0" encoding="UTF-8"?>
<!-- Generated by org.testng.reporters.JUnitReportReporter -->
<testsuite hostname="DESKTOP-K9AEV60" failures="0" tests="5" name="testCases.ValidateRegistrationTest" time="24.599" errors="0" timestamp="2025-08-14T21:20:21 IST" skipped="0">
  <testcase classname="testCases.ValidateRegistrationTest" name="TC_R_001" time="3.902"/>
  <testcase classname="testCases.ValidateRegistrationTest" name="TC_R_004" time="4.804"/>
  <testcase classname="testCases.ValidateRegistrationTest" name="TC_R_005" time="5.517"/>
  <testcase classname="testCases.ValidateRegistrationTest" name="TC_R_003" time="4.716"/>
  <testcase classname="testCases.ValidateRegistrationTest" name="TC_R_002" time="5.660"/>
</testsuite> <!-- testCases.ValidateRegistrationTest -->
