<?xml version="1.0" encoding="UTF-8"?>
<!-- Generated by org.testng.reporters.JUnitReportReporter -->
<testsuite hostname="DESKTOP-K9AEV60" failures="0" tests="1" name="testCases.ValidateLoginPageTest" time="8.013" errors="0" timestamp="2025-08-14T21:54:37 IST" skipped="0">
  <testcase classname="testCases.ValidateLoginPageTest" name="TC_L_003" time="8.013"/>
</testsuite> <!-- testCases.ValidateLoginPageTest -->
