<?xml version="1.0" encoding="UTF-8"?>
<!-- Generated by org.testng.reporters.JUnitReportReporter -->
<testsuite hostname="DESKTOP-K9AEV60" failures="0" tests="1" name="testCases.TC" time="7.953" errors="0" timestamp="2025-08-13T17:57:00 IST" skipped="0">
  <testcase classname="testCases.TC" name="sample" time="7.953"/>
</testsuite> <!-- testCases.TC -->
